#! /c/iverilog/bin/vvp
:ivl_version "0.9.7 " "(v0_9_7)";
:vpi_time_precision + 0;
:vpi_module "system";
:vpi_module "v2005_math";
:vpi_module "va_math";
S_01372AD0 .scope module, "main" "main" 2 1;
 .timescale 0 0;
v01373360_0 .var/i "a", 31 0;
v01372B58_0 .var/i "b", 31 0;
    .scope S_01372AD0;
T_0 ;
    %movi 8, 2, 32;
    %set/v v01373360_0, 8, 32;
    %movi 8, 7, 33;
    %load/v 41, v01373360_0, 32;
    %mov 73, 72, 1;
    %add 8, 41, 33;
    %set/v v01372B58_0, 8, 32;
    %vpi_call 2 8 "$display", v01372B58_0;
    %vpi_call 2 9 "$finish";
    %end;
    .thread T_0;
# The file index is used to find the file name in the following table.
:file_names 3;
    "N/A";
    "<interactive>";
    "demo.v";
