#! /c/iverilog/bin/vvp
:ivl_version "0.9.7 " "(v0_9_7)";
:vpi_time_precision + 0;
:vpi_module "system";
:vpi_module "v2005_math";
:vpi_module "va_math";
S_01258800 .scope module, "EX" "EX" 2 1;
 .timescale 0 0;
P_01252ADC .param/l "ADD" 2 51, C4<000000>;
P_01252AF0 .param/l "ADDI" 2 48, C4<00>;
P_01252B04 .param/l "BEQ" 2 49, C4<01>;
P_01252B18 .param/l "LW" 2 46, C4<00>;
P_01252B2C .param/l "MUL" 2 53, C4<000010>;
P_01252B40 .param/l "RType" 2 50, C4<10>;
P_01252B54 .param/l "SUB" 2 52, C4<000001>;
P_01252B68 .param/l "SW" 2 47, C4<00>;
L_010E2F48 .functor BUFZ 32, C4<zzzzzzzzzzzzzzzzzzzzzzzzzzzzzzzz>, C4<00000000000000000000000000000000>, C4<00000000000000000000000000000000>, C4<00000000000000000000000000000000>;
v01258200_0 .var "ALUControl", 3 0;
v01252B88_0 .net "ALUOp", 1 0, C4<zz>; 0 drivers
v01252BE0_0 .net "ALUSrc", 0 0, C4<z>; 0 drivers
v010F2F30_0 .var "address", 31 0;
v010F2F88_0 .net "branch", 0 0, C4<z>; 0 drivers
v010F2FE0_0 .net "clk", 0 0, C4<z>; 0 drivers
v010F3038_0 .net "data1", 31 0, L_010E2F48; 1 drivers
v010F3090_0 .var "data2", 31 0;
v010F0F08_0 .net "funct", 5 0, L_0111ADB8; 1 drivers
v010F0F60_0 .var "offset", 31 0;
v010F0FB8_0 .net "pc", 31 0, C4<zzzzzzzzzzzzzzzzzzzzzzzzzzzzzzzz>; 0 drivers
v010F1010_0 .var "pcout", 31 0;
v010F1068_0 .net "reset", 0 0, C4<z>; 0 drivers
v010F10C0_0 .var "result", 31 0;
v010F1118_0 .var "resultOut", 31 0;
v010F1170_0 .net "rs", 31 0, C4<zzzzzzzzzzzzzzzzzzzzzzzzzzzzzzzz>; 0 drivers
v0111B288_0 .net "rt", 31 0, C4<zzzzzzzzzzzzzzzzzzzzzzzzzzzzzzzz>; 0 drivers
v0111AEC0_0 .net "sign_ext", 15 0, C4<zzzzzzzzzzzzzzzz>; 0 drivers
v0111B230_0 .net "stall_flag", 0 0, C4<z>; 0 drivers
v0111B338_0 .var "zero", 0 0;
E_010E3968 .event posedge, v010F2FE0_0;
E_010E36E8/0 .event edge, v0111B230_0;
E_010E36E8/1 .event posedge, v010F2FE0_0;
E_010E36E8 .event/or E_010E36E8/0, E_010E36E8/1;
E_010E3688 .event edge, v0111B338_0, v010F2F88_0;
E_010E37A8 .event edge, v010F3090_0, v010F3038_0, v01258200_0;
E_010E3848 .event posedge, v010F1068_0;
E_010E37E8/0 .event edge, v0111B230_0, v010F0FB8_0, v01252B88_0, v0111AEC0_0;
E_010E37E8/1 .event edge, v010F0F60_0, v010F0F08_0;
E_010E37E8 .event/or E_010E37E8/0, E_010E37E8/1;
E_010E36A8 .event edge, v0111AEC0_0, v0111B288_0, v01252BE0_0;
L_0111ADB8 .part C4<zzzzzzzzzzzzzzzz>, 0, 6;
    .scope S_01258800;
T_0 ;
    %wait E_010E36A8;
    %load/v 8, v0111B230_0, 1;
    %mov 9, 0, 1;
    %cmpi/u 8, 0, 2;
    %jmp/0xz  T_0.0, 4;
    %delay 1, 0;
    %load/v 8, v01252BE0_0, 1;
    %mov 9, 0, 1;
    %cmpi/u 8, 0, 2;
    %jmp/0xz  T_0.2, 4;
    %load/v 8, v0111B288_0, 32;
    %ix/load 0, 32, 0;
    %assign/v0 v010F3090_0, 0, 8;
    %jmp T_0.3;
T_0.2 ;
    %load/v 8, v0111AEC0_0, 16;
    %mov 24, 0, 16;
    %ix/load 0, 32, 0;
    %assign/v0 v010F3090_0, 0, 8;
T_0.3 ;
T_0.0 ;
    %jmp T_0;
    .thread T_0, $push;
    .scope S_01258800;
T_1 ;
    %wait E_010E37E8;
    %load/v 8, v0111B230_0, 1;
    %mov 9, 0, 1;
    %cmpi/u 8, 0, 2;
    %jmp/0xz  T_1.0, 4;
    %delay 1, 0;
    %load/v 8, v010F0FB8_0, 32;
    %set/v v010F1010_0, 8, 32;
    %load/v 8, v01252B88_0, 2;
    %cmpi/u 8, 0, 2;
    %jmp/1 T_1.2, 6;
    %cmpi/u 8, 0, 2;
    %jmp/1 T_1.3, 6;
    %cmpi/u 8, 0, 2;
    %jmp/1 T_1.4, 6;
    %cmpi/u 8, 1, 2;
    %jmp/1 T_1.5, 6;
    %cmpi/u 8, 2, 2;
    %jmp/1 T_1.6, 6;
    %jmp T_1.7;
T_1.2 ;
    %set/v v01258200_0, 0, 4;
    %load/v 8, v0111AEC0_0, 16;
    %mov 24, 0, 16;
    %ix/load 0, 2, 0;
    %mov 4, 0, 1;
    %shiftl/i0  8, 32;
    %set/v v010F0F60_0, 8, 32;
    %load/v 8, v010F0F60_0, 32;
    %set/v v010F3090_0, 8, 32;
    %jmp T_1.7;
T_1.3 ;
    %set/v v01258200_0, 0, 4;
    %load/v 8, v0111AEC0_0, 16;
    %mov 24, 0, 16;
    %ix/load 0, 2, 0;
    %mov 4, 0, 1;
    %shiftl/i0  8, 32;
    %set/v v010F0F60_0, 8, 32;
    %load/v 8, v010F0F60_0, 32;
    %set/v v010F3090_0, 8, 32;
    %jmp T_1.7;
T_1.4 ;
    %set/v v01258200_0, 0, 4;
    %jmp T_1.7;
T_1.5 ;
    %movi 8, 1, 4;
    %set/v v01258200_0, 8, 4;
    %jmp T_1.7;
T_1.6 ;
    %load/v 8, v010F0F08_0, 6;
    %cmpi/u 8, 0, 6;
    %jmp/1 T_1.8, 6;
    %cmpi/u 8, 1, 6;
    %jmp/1 T_1.9, 6;
    %cmpi/u 8, 2, 6;
    %jmp/1 T_1.10, 6;
    %jmp T_1.11;
T_1.8 ;
    %set/v v01258200_0, 0, 4;
    %jmp T_1.11;
T_1.9 ;
    %movi 8, 1, 4;
    %set/v v01258200_0, 8, 4;
    %jmp T_1.11;
T_1.10 ;
    %movi 8, 2, 4;
    %set/v v01258200_0, 8, 4;
    %jmp T_1.11;
T_1.11 ;
    %jmp T_1.7;
T_1.7 ;
T_1.0 ;
    %jmp T_1;
    .thread T_1, $push;
    .scope S_01258800;
T_2 ;
    %wait E_010E3848;
    %ix/load 0, 1, 0;
    %assign/v0 v0111B338_0, 0, 0;
    %jmp T_2;
    .thread T_2;
    .scope S_01258800;
T_3 ;
    %wait E_010E37A8;
    %load/v 8, v0111B230_0, 1;
    %mov 9, 0, 1;
    %cmpi/u 8, 0, 2;
    %jmp/0xz  T_3.0, 4;
    %delay 1, 0;
    %load/v 8, v010F3038_0, 32;
    %load/v 40, v010F3090_0, 32;
    %cmp/u 8, 40, 32;
    %jmp/0xz  T_3.2, 4;
    %ix/load 0, 1, 0;
    %assign/v0 v0111B338_0, 0, 1;
    %jmp T_3.3;
T_3.2 ;
    %ix/load 0, 1, 0;
    %assign/v0 v0111B338_0, 0, 0;
T_3.3 ;
    %load/v 8, v01258200_0, 4;
    %cmpi/u 8, 0, 4;
    %jmp/1 T_3.4, 6;
    %cmpi/u 8, 1, 4;
    %jmp/1 T_3.5, 6;
    %cmpi/u 8, 2, 4;
    %jmp/1 T_3.6, 6;
    %jmp T_3.7;
T_3.4 ;
    %vpi_call 2 128 "$display", "data1=%d, data2=%d \012", v010F3038_0, v010F3090_0;
    %load/v 8, v010F3038_0, 32;
    %load/v 40, v010F3090_0, 32;
    %add 8, 40, 32;
    %ix/load 0, 32, 0;
    %assign/v0 v010F10C0_0, 0, 8;
    %jmp T_3.7;
T_3.5 ;
    %load/v 8, v010F3038_0, 32;
    %load/v 40, v010F3090_0, 32;
    %sub 8, 40, 32;
    %ix/load 0, 32, 0;
    %assign/v0 v010F10C0_0, 0, 8;
    %jmp T_3.7;
T_3.6 ;
    %load/v 8, v010F3038_0, 32;
    %load/v 40, v010F3090_0, 32;
    %mul 8, 40, 32;
    %ix/load 0, 32, 0;
    %assign/v0 v010F10C0_0, 0, 8;
    %jmp T_3.7;
T_3.7 ;
    %load/v 8, v010F2F88_0, 1;
    %mov 9, 0, 2;
    %cmpi/u 8, 1, 3;
    %mov 8, 4, 1;
    %load/v 9, v0111B338_0, 1;
    %mov 10, 0, 2;
    %cmpi/u 9, 1, 3;
    %mov 9, 4, 1;
    %and 8, 9, 1;
    %jmp/0xz  T_3.8, 8;
    %vpi_call 2 148 "$display", "hello";
    %load/v 8, v0111AEC0_0, 16;
    %mov 24, 0, 16;
    %ix/load 0, 2, 0;
    %mov 4, 0, 1;
    %shiftl/i0  8, 32;
    %set/v v010F0F60_0, 8, 32;
T_3.8 ;
T_3.0 ;
    %jmp T_3;
    .thread T_3, $push;
    .scope S_01258800;
T_4 ;
    %wait E_010E3688;
    %load/v 8, v0111B230_0, 1;
    %mov 9, 0, 1;
    %cmpi/u 8, 0, 2;
    %jmp/0xz  T_4.0, 4;
    %load/v 8, v010F2F88_0, 1;
    %mov 9, 0, 2;
    %cmpi/u 8, 1, 3;
    %mov 8, 4, 1;
    %load/v 9, v0111B338_0, 1;
    %mov 10, 0, 2;
    %cmpi/u 9, 1, 3;
    %mov 9, 4, 1;
    %and 8, 9, 1;
    %jmp/0xz  T_4.2, 8;
    %vpi_call 2 167 "$display", "hello";
    %load/v 8, v0111AEC0_0, 16;
    %mov 24, 0, 16;
    %ix/load 0, 2, 0;
    %mov 4, 0, 1;
    %shiftl/i0  8, 32;
    %set/v v010F0F60_0, 8, 32;
    %load/v 8, v010F0F60_0, 32;
    %load/v 40, v010F0FB8_0, 32;
    %add 8, 40, 32;
    %set/v v010F2F30_0, 8, 32;
    %load/v 8, v010F2F30_0, 32;
    %cassign/v v010F1010_0, 8, 32;
    %cassign/link v010F1010_0, v010F2F30_0;
T_4.2 ;
T_4.0 ;
    %jmp T_4;
    .thread T_4, $push;
    .scope S_01258800;
T_5 ;
    %wait E_010E36E8;
    %load/v 40, v0111B230_0, 1;
    %mov 41, 0, 1;
    %cmpi/u 40, 0, 2;
    %jmp/0xz  T_5.0, 4;
    %load/v 40, v010F10C0_0, 32;
    %ix/load 0, 32, 0;
    %assign/v0 v010F1118_0, 0, 40;
T_5.0 ;
    %jmp T_5;
    .thread T_5;
    .scope S_01258800;
T_6 ;
    %wait E_010E3968;
    %vpi_call 2 187 "$display", "EX", v010F1118_0;
    %jmp T_6;
    .thread T_6;
# The file index is used to find the file name in the following table.
:file_names 3;
    "N/A";
    "<interactive>";
    "EX.v";
