#! /c/iverilog/bin/vvp
:ivl_version "0.9.7 " "(v0_9_7)";
:vpi_time_precision - 12;
:vpi_module "system";
:vpi_module "v2005_math";
:vpi_module "va_math";
S_011334C8 .scope module, "testb" "testb" 2 3;
 .timescale -9 -12;
v0116EE48_0 .var "ALUOp", 1 0;
v0116F2C0_0 .var "ALUSrc", 0 0;
v0116F318_0 .net "address", 31 0, v01102AD8_0; 1 drivers
v0116F058_0 .var "branch", 0 0;
v0116EC90_0 .var "clk", 0 0;
v0116EFA8_0 .var "funct", 5 0;
v0116F000_0 .net "offset", 31 0, v01142DD8_0; 1 drivers
v0116ED98_0 .var/i "pc", 31 0;
v0116F0B0_0 .net "pcout", 31 0, v01141598_0; 1 drivers
v0116ECE8_0 .var "reset", 0 0;
v0116EC38_0 .net "resultOut", 31 0, v011416A0_0; 1 drivers
v0116EDF0_0 .var/i "rs", 31 0;
v0116EEA0_0 .var/i "rt", 31 0;
v0116F108_0 .var/i "sign_ext", 31 0;
v0116EF50_0 .net "zero", 0 0, v0116F370_0; 1 drivers
S_01132D58 .scope module, "tb" "EX" 2 20, 3 1, S_011334C8;
 .timescale -9 -12;
P_0110E30C .param/l "ADD" 3 45, C4<000000>;
P_0110E320 .param/l "ADDI" 3 42, C4<00>;
P_0110E334 .param/l "BEQ" 3 43, C4<01>;
P_0110E348 .param/l "LW" 3 40, C4<00>;
P_0110E35C .param/l "MUL" 3 47, C4<000010>;
P_0110E370 .param/l "RType" 3 44, C4<10>;
P_0110E384 .param/l "SUB" 3 46, C4<000001>;
P_0110E398 .param/l "SW" 3 41, C4<00>;
L_01109708 .functor BUFZ 32, v0116EDF0_0, C4<00000000000000000000000000000000>, C4<00000000000000000000000000000000>, C4<00000000000000000000000000000000>;
v0110E3B8_0 .var "ALUControl", 3 0;
v011364B0_0 .net "ALUOp", 1 0, v0116EE48_0; 1 drivers
v01136508_0 .net "ALUSrc", 0 0, v0116F2C0_0; 1 drivers
v01102AD8_0 .var "address", 31 0;
v01102B30_0 .net "branch", 0 0, v0116F058_0; 1 drivers
v01102B88_0 .net "clk", 0 0, v0116EC90_0; 1 drivers
v01142CD0_0 .net "data1", 31 0, L_01109708; 1 drivers
v01142D28_0 .var "data2", 31 0;
v01142D80_0 .net "funct", 5 0, v0116EFA8_0; 1 drivers
v01142DD8_0 .var "offset", 31 0;
v01142E30_0 .net "pc", 31 0, v0116ED98_0; 1 drivers
v01141598_0 .var "pcout", 31 0;
v011415F0_0 .net "reset", 0 0, v0116ECE8_0; 1 drivers
v01141648_0 .var "result", 31 0;
v011416A0_0 .var "resultOut", 31 0;
v011416F8_0 .net "rs", 31 0, v0116EDF0_0; 1 drivers
v0116F160_0 .net "rt", 31 0, v0116EEA0_0; 1 drivers
v0116F268_0 .net "sign_ext", 31 0, v0116F108_0; 1 drivers
v0116F370_0 .var "zero", 0 0;
E_01134430 .event posedge, v01102B88_0;
E_01134470 .event edge, v0116F370_0, v01102B30_0;
E_01134490 .event edge, v01142D28_0, v01142CD0_0, v0110E3B8_0;
E_011340D0 .event posedge, v011415F0_0;
E_01134110/0 .event edge, v01142E30_0, v011364B0_0, v0116F268_0, v01142DD8_0;
E_01134110/1 .event edge, v01142D80_0;
E_01134110 .event/or E_01134110/0, E_01134110/1;
E_01134230 .event edge, v01136508_0;
    .scope S_01132D58;
T_0 ;
    %wait E_01134230;
    %delay 1000, 0;
    %load/v 8, v01136508_0, 1;
    %mov 9, 0, 1;
    %cmpi/u 8, 0, 2;
    %jmp/0xz  T_0.0, 4;
    %load/v 8, v0116F160_0, 32;
    %ix/load 0, 32, 0;
    %assign/v0 v01142D28_0, 0, 8;
    %jmp T_0.1;
T_0.0 ;
    %load/v 8, v0116F268_0, 32;
    %ix/load 0, 32, 0;
    %assign/v0 v01142D28_0, 0, 8;
T_0.1 ;
    %jmp T_0;
    .thread T_0, $push;
    .scope S_01132D58;
T_1 ;
    %wait E_01134110;
    %delay 1000, 0;
    %load/v 8, v01142E30_0, 32;
    %set/v v01141598_0, 8, 32;
    %load/v 8, v011364B0_0, 2;
    %cmpi/u 8, 0, 2;
    %jmp/1 T_1.0, 6;
    %cmpi/u 8, 0, 2;
    %jmp/1 T_1.1, 6;
    %cmpi/u 8, 0, 2;
    %jmp/1 T_1.2, 6;
    %cmpi/u 8, 1, 2;
    %jmp/1 T_1.3, 6;
    %cmpi/u 8, 2, 2;
    %jmp/1 T_1.4, 6;
    %jmp T_1.5;
T_1.0 ;
    %set/v v0110E3B8_0, 0, 4;
    %load/v 8, v0116F268_0, 32;
    %ix/load 0, 2, 0;
    %mov 4, 0, 1;
    %shiftl/i0  8, 32;
    %set/v v01142DD8_0, 8, 32;
    %load/v 8, v01142DD8_0, 32;
    %set/v v01142D28_0, 8, 32;
    %jmp T_1.5;
T_1.1 ;
    %set/v v0110E3B8_0, 0, 4;
    %load/v 8, v0116F268_0, 32;
    %ix/load 0, 2, 0;
    %mov 4, 0, 1;
    %shiftl/i0  8, 32;
    %set/v v01142DD8_0, 8, 32;
    %load/v 8, v01142DD8_0, 32;
    %set/v v01142D28_0, 8, 32;
    %jmp T_1.5;
T_1.2 ;
    %set/v v0110E3B8_0, 0, 4;
    %jmp T_1.5;
T_1.3 ;
    %movi 8, 1, 4;
    %set/v v0110E3B8_0, 8, 4;
    %jmp T_1.5;
T_1.4 ;
    %load/v 8, v01142D80_0, 6;
    %cmpi/u 8, 0, 6;
    %jmp/1 T_1.6, 6;
    %cmpi/u 8, 1, 6;
    %jmp/1 T_1.7, 6;
    %cmpi/u 8, 2, 6;
    %jmp/1 T_1.8, 6;
    %jmp T_1.9;
T_1.6 ;
    %set/v v0110E3B8_0, 0, 4;
    %jmp T_1.9;
T_1.7 ;
    %movi 8, 1, 4;
    %set/v v0110E3B8_0, 8, 4;
    %jmp T_1.9;
T_1.8 ;
    %movi 8, 2, 4;
    %set/v v0110E3B8_0, 8, 4;
    %jmp T_1.9;
T_1.9 ;
    %jmp T_1.5;
T_1.5 ;
    %jmp T_1;
    .thread T_1, $push;
    .scope S_01132D58;
T_2 ;
    %wait E_011340D0;
    %ix/load 0, 1, 0;
    %assign/v0 v0116F370_0, 0, 0;
    %jmp T_2;
    .thread T_2;
    .scope S_01132D58;
T_3 ;
    %wait E_01134490;
    %delay 1000, 0;
    %load/v 8, v01142CD0_0, 32;
    %load/v 40, v01142D28_0, 32;
    %cmp/u 8, 40, 32;
    %jmp/0xz  T_3.0, 4;
    %ix/load 0, 1, 0;
    %assign/v0 v0116F370_0, 0, 1;
    %jmp T_3.1;
T_3.0 ;
    %ix/load 0, 1, 0;
    %assign/v0 v0116F370_0, 0, 0;
T_3.1 ;
    %load/v 8, v0110E3B8_0, 4;
    %cmpi/u 8, 0, 4;
    %jmp/1 T_3.2, 6;
    %cmpi/u 8, 1, 4;
    %jmp/1 T_3.3, 6;
    %cmpi/u 8, 2, 4;
    %jmp/1 T_3.4, 6;
    %jmp T_3.5;
T_3.2 ;
    %load/v 8, v01142CD0_0, 32;
    %load/v 40, v01142D28_0, 32;
    %add 8, 40, 32;
    %ix/load 0, 32, 0;
    %assign/v0 v01141648_0, 0, 8;
    %jmp T_3.5;
T_3.3 ;
    %load/v 8, v01142CD0_0, 32;
    %load/v 40, v01142D28_0, 32;
    %sub 8, 40, 32;
    %ix/load 0, 32, 0;
    %assign/v0 v01141648_0, 0, 8;
    %jmp T_3.5;
T_3.4 ;
    %load/v 8, v01142CD0_0, 32;
    %load/v 40, v01142D28_0, 32;
    %mul 8, 40, 32;
    %ix/load 0, 32, 0;
    %assign/v0 v01141648_0, 0, 8;
    %jmp T_3.5;
T_3.5 ;
    %load/v 8, v01102B30_0, 1;
    %mov 9, 0, 2;
    %cmpi/u 8, 1, 3;
    %mov 8, 4, 1;
    %load/v 9, v0116F370_0, 1;
    %mov 10, 0, 2;
    %cmpi/u 9, 1, 3;
    %mov 9, 4, 1;
    %and 8, 9, 1;
    %jmp/0xz  T_3.6, 8;
    %vpi_call 3 130 "$display", "hello";
    %load/v 8, v0116F268_0, 32;
    %ix/load 0, 2, 0;
    %mov 4, 0, 1;
    %shiftl/i0  8, 32;
    %set/v v01142DD8_0, 8, 32;
T_3.6 ;
    %jmp T_3;
    .thread T_3, $push;
    .scope S_01132D58;
T_4 ;
    %wait E_01134470;
    %load/v 8, v01102B30_0, 1;
    %mov 9, 0, 2;
    %cmpi/u 8, 1, 3;
    %mov 8, 4, 1;
    %load/v 9, v0116F370_0, 1;
    %mov 10, 0, 2;
    %cmpi/u 9, 1, 3;
    %mov 9, 4, 1;
    %and 8, 9, 1;
    %jmp/0xz  T_4.0, 8;
    %vpi_call 3 145 "$display", "hello";
    %load/v 8, v0116F268_0, 32;
    %ix/load 0, 2, 0;
    %mov 4, 0, 1;
    %shiftl/i0  8, 32;
    %set/v v01142DD8_0, 8, 32;
    %load/v 8, v01142DD8_0, 32;
    %load/v 40, v01142E30_0, 32;
    %add 8, 40, 32;
    %set/v v01102AD8_0, 8, 32;
    %load/v 8, v01102AD8_0, 32;
    %cassign/v v01141598_0, 8, 32;
    %cassign/link v01141598_0, v01102AD8_0;
T_4.0 ;
    %jmp T_4;
    .thread T_4, $push;
    .scope S_01132D58;
T_5 ;
    %wait E_01134430;
    %load/v 40, v01141648_0, 32;
    %ix/load 0, 32, 0;
    %assign/v0 v011416A0_0, 0, 40;
    %jmp T_5;
    .thread T_5;
    .scope S_011334C8;
T_6 ;
    %set/v v0116EC90_0, 0, 1;
T_6.0 ;
    %delay 1000, 0;
    %load/v 40, v0116EC90_0, 1;
    %inv 40, 1;
    %set/v v0116EC90_0, 40, 1;
    %jmp T_6.0;
    %end;
    .thread T_6;
    .scope S_011334C8;
T_7 ;
    %set/v v0116ECE8_0, 1, 1;
    %delay 100000, 0;
    %set/v v0116ECE8_0, 0, 1;
    %end;
    .thread T_7;
    .scope S_011334C8;
T_8 ;
    %delay 20000, 0;
    %movi 40, 5, 32;
    %set/v v0116EDF0_0, 40, 32;
    %movi 40, 5, 32;
    %set/v v0116EEA0_0, 40, 32;
    %movi 40, 4, 32;
    %set/v v0116ED98_0, 40, 32;
    %movi 40, 5, 32;
    %set/v v0116F108_0, 40, 32;
    %set/v v0116F2C0_0, 1, 1;
    %movi 40, 2, 6;
    %set/v v0116EFA8_0, 40, 6;
    %movi 40, 1, 2;
    %set/v v0116EE48_0, 40, 2;
    %set/v v0116F058_0, 1, 1;
    %delay 40000, 0;
    %vpi_call 2 62 "$display", "time=%3d, address=%b, zero=%b, result=%d, pcout=%b, offset%b \012", $time, v0116F318_0, v0116EF50_0, v0116EC38_0, v0116F0B0_0, v0116F000_0;
    %vpi_call 2 63 "$finish";
    %end;
    .thread T_8;
# The file index is used to find the file name in the following table.
:file_names 4;
    "N/A";
    "<interactive>";
    "ex_tb.v";
    "./EX.v";
