#! /c/iverilog/bin/vvp
:ivl_version "0.9.7 " "(v0_9_7)";
:vpi_time_precision + 0;
:vpi_module "system";
:vpi_module "v2005_math";
:vpi_module "va_math";
S_00DD3DF8 .scope module, "Mux2_1_5" "Mux2_1_5" 2 1;
 .timescale 0 0;
L_00DDEA80 .functor XNOR 1, C4<z>, C4<0>, C4<0>, C4<0>;
L_00DDEB20 .functor XNOR 1, C4<z>, C4<1>, C4<0>, C4<0>;
v00DD3E80_0 .net *"_s0", 0 0, C4<0>; 1 drivers
v00DD2AD8_0 .net *"_s10", 4 0, L_00DDEBF8; 1 drivers
v00DD2B30_0 .net *"_s2", 0 0, L_00DDEA80; 1 drivers
v00DD2B88_0 .net *"_s4", 0 0, C4<1>; 1 drivers
v00DDE840_0 .net *"_s6", 0 0, L_00DDEB20; 1 drivers
v00DDE898_0 .net *"_s8", 4 0, C4<xxxxx>; 1 drivers
v00DDE8F0_0 .net "cs", 0 0, C4<z>; 0 drivers
v00DDE948_0 .net "inp1", 4 0, C4<zzzzz>; 0 drivers
v00DDE9A0_0 .net "inp2", 4 0, C4<zzzzz>; 0 drivers
v00DDE9F8_0 .net "out", 4 0, L_00DDECC0; 1 drivers
L_00DDEBF8 .functor MUXZ 5, C4<xxxxx>, C4<zzzzz>, L_00DDEB20, C4<>;
L_00DDECC0 .functor MUXZ 5, L_00DDEBF8, C4<zzzzz>, L_00DDEA80, C4<>;
# The file index is used to find the file name in the following table.
:file_names 3;
    "N/A";
    "<interactive>";
    "./Mux2_1_5.v";
