#! /c/iverilog/bin/vvp
:ivl_version "0.9.7 " "(v0_9_7)";
:vpi_time_precision + 0;
:vpi_module "system";
:vpi_module "v2005_math";
:vpi_module "va_math";
S_00998998 .scope module, "RegisterFile" "RegisterFile" 2 1;
 .timescale 0 0;
v0099EF80_0 .net "clk", 0 0, C4<z>; 0 drivers
v00992AD8_0 .net "inst_read_reg_addr1", 4 0, C4<zzzzz>; 0 drivers
v00992B30_0 .net "inst_read_reg_addr2", 4 0, C4<zzzzz>; 0 drivers
v00992B88_0 .var "reg_file_rd_data1", 31 0;
v0099A000_0 .var "reg_file_rd_data2", 31 0;
v0099A058_0 .net "reg_wr", 0 0, C4<z>; 0 drivers
v0099A0B0_0 .net "reg_wr_addr", 4 0, C4<zzzzz>; 0 drivers
v0099A108_0 .net "reg_wr_data", 31 0, C4<zzzzzzzzzzzzzzzzzzzzzzzzzzzzzzzz>; 0 drivers
v0099A160 .array "registers", 31 0, 31 0;
v0099A1B8_0 .net "reset", 0 0, C4<z>; 0 drivers
E_0099A880 .event negedge, v0099EF80_0;
E_0099A900/0 .event edge, v00992B30_0, v00992AD8_0;
E_0099A900/1 .event posedge, v0099EF80_0;
E_0099A900 .event/or E_0099A900/0, E_0099A900/1;
E_0099A920 .event posedge, v0099A1B8_0;
    .scope S_00998998;
T_0 ;
    %wait E_0099A920;
    %ix/load 3, 0, 0; address
    %ix/load 0, 32, 0; word width
    %ix/load 1, 0, 0; part off
    %assign/av v0099A160, 0, 0;
t_0 ;
    %ix/load 3, 1, 0; address
    %ix/load 0, 32, 0; word width
    %ix/load 1, 0, 0; part off
    %assign/av v0099A160, 0, 0;
t_1 ;
    %ix/load 3, 2, 0; address
    %ix/load 0, 32, 0; word width
    %ix/load 1, 0, 0; part off
    %assign/av v0099A160, 0, 0;
t_2 ;
    %ix/load 3, 3, 0; address
    %ix/load 0, 32, 0; word width
    %ix/load 1, 0, 0; part off
    %assign/av v0099A160, 0, 0;
t_3 ;
    %ix/load 3, 4, 0; address
    %ix/load 0, 32, 0; word width
    %ix/load 1, 0, 0; part off
    %assign/av v0099A160, 0, 0;
t_4 ;
    %ix/load 3, 5, 0; address
    %ix/load 0, 32, 0; word width
    %ix/load 1, 0, 0; part off
    %assign/av v0099A160, 0, 0;
t_5 ;
    %ix/load 3, 6, 0; address
    %ix/load 0, 32, 0; word width
    %ix/load 1, 0, 0; part off
    %assign/av v0099A160, 0, 0;
t_6 ;
    %ix/load 3, 7, 0; address
    %ix/load 0, 32, 0; word width
    %ix/load 1, 0, 0; part off
    %assign/av v0099A160, 0, 0;
t_7 ;
    %ix/load 3, 8, 0; address
    %ix/load 0, 32, 0; word width
    %ix/load 1, 0, 0; part off
    %assign/av v0099A160, 0, 0;
t_8 ;
    %ix/load 3, 9, 0; address
    %ix/load 0, 32, 0; word width
    %ix/load 1, 0, 0; part off
    %assign/av v0099A160, 0, 0;
t_9 ;
    %ix/load 3, 10, 0; address
    %ix/load 0, 32, 0; word width
    %ix/load 1, 0, 0; part off
    %assign/av v0099A160, 0, 0;
t_10 ;
    %ix/load 3, 11, 0; address
    %ix/load 0, 32, 0; word width
    %ix/load 1, 0, 0; part off
    %assign/av v0099A160, 0, 0;
t_11 ;
    %ix/load 3, 12, 0; address
    %ix/load 0, 32, 0; word width
    %ix/load 1, 0, 0; part off
    %assign/av v0099A160, 0, 0;
t_12 ;
    %ix/load 3, 13, 0; address
    %ix/load 0, 32, 0; word width
    %ix/load 1, 0, 0; part off
    %assign/av v0099A160, 0, 0;
t_13 ;
    %ix/load 3, 14, 0; address
    %ix/load 0, 32, 0; word width
    %ix/load 1, 0, 0; part off
    %assign/av v0099A160, 0, 0;
t_14 ;
    %ix/load 3, 15, 0; address
    %ix/load 0, 32, 0; word width
    %ix/load 1, 0, 0; part off
    %assign/av v0099A160, 0, 0;
t_15 ;
    %ix/load 3, 16, 0; address
    %ix/load 0, 32, 0; word width
    %ix/load 1, 0, 0; part off
    %assign/av v0099A160, 0, 0;
t_16 ;
    %ix/load 3, 17, 0; address
    %ix/load 0, 32, 0; word width
    %ix/load 1, 0, 0; part off
    %assign/av v0099A160, 0, 0;
t_17 ;
    %ix/load 3, 18, 0; address
    %ix/load 0, 32, 0; word width
    %ix/load 1, 0, 0; part off
    %assign/av v0099A160, 0, 0;
t_18 ;
    %ix/load 3, 19, 0; address
    %ix/load 0, 32, 0; word width
    %ix/load 1, 0, 0; part off
    %assign/av v0099A160, 0, 0;
t_19 ;
    %ix/load 3, 20, 0; address
    %ix/load 0, 32, 0; word width
    %ix/load 1, 0, 0; part off
    %assign/av v0099A160, 0, 0;
t_20 ;
    %ix/load 3, 21, 0; address
    %ix/load 0, 32, 0; word width
    %ix/load 1, 0, 0; part off
    %assign/av v0099A160, 0, 0;
t_21 ;
    %ix/load 3, 22, 0; address
    %ix/load 0, 32, 0; word width
    %ix/load 1, 0, 0; part off
    %assign/av v0099A160, 0, 0;
t_22 ;
    %ix/load 3, 23, 0; address
    %ix/load 0, 32, 0; word width
    %ix/load 1, 0, 0; part off
    %assign/av v0099A160, 0, 0;
t_23 ;
    %ix/load 3, 24, 0; address
    %ix/load 0, 32, 0; word width
    %ix/load 1, 0, 0; part off
    %assign/av v0099A160, 0, 0;
t_24 ;
    %ix/load 3, 25, 0; address
    %ix/load 0, 32, 0; word width
    %ix/load 1, 0, 0; part off
    %assign/av v0099A160, 0, 0;
t_25 ;
    %ix/load 3, 26, 0; address
    %ix/load 0, 32, 0; word width
    %ix/load 1, 0, 0; part off
    %assign/av v0099A160, 0, 0;
t_26 ;
    %ix/load 3, 27, 0; address
    %ix/load 0, 32, 0; word width
    %ix/load 1, 0, 0; part off
    %assign/av v0099A160, 0, 0;
t_27 ;
    %ix/load 3, 28, 0; address
    %ix/load 0, 32, 0; word width
    %ix/load 1, 0, 0; part off
    %assign/av v0099A160, 0, 0;
t_28 ;
    %ix/load 3, 29, 0; address
    %ix/load 0, 32, 0; word width
    %ix/load 1, 0, 0; part off
    %assign/av v0099A160, 0, 0;
t_29 ;
    %ix/load 3, 30, 0; address
    %ix/load 0, 32, 0; word width
    %ix/load 1, 0, 0; part off
    %assign/av v0099A160, 0, 0;
t_30 ;
    %ix/load 3, 31, 0; address
    %ix/load 0, 32, 0; word width
    %ix/load 1, 0, 0; part off
    %assign/av v0099A160, 0, 0;
t_31 ;
    %jmp T_0;
    .thread T_0;
    .scope S_00998998;
T_1 ;
    %wait E_0099A900;
    %ix/getv 3, v00992AD8_0;
    %load/av 8, v0099A160, 32;
    %ix/load 0, 32, 0;
    %assign/v0 v00992B88_0, 0, 8;
    %ix/getv 3, v00992B30_0;
    %load/av 8, v0099A160, 32;
    %ix/load 0, 32, 0;
    %assign/v0 v0099A000_0, 0, 8;
    %jmp T_1;
    .thread T_1;
    .scope S_00998998;
T_2 ;
    %wait E_0099A880;
    %delay 8, 0;
    %load/v 8, v0099A058_0, 1;
    %mov 9, 0, 2;
    %cmpi/u 8, 1, 3;
    %jmp/0xz  T_2.0, 4;
    %load/v 8, v0099A108_0, 32;
    %ix/getv 3, v0099A0B0_0;
    %jmp/1 t_32, 4;
    %ix/load 0, 32, 0; word width
    %ix/load 1, 0, 0; part off
    %assign/av v0099A160, 0, 8;
t_32 ;
    %delay 5, 0;
    %vpi_call 2 58 "$display", "time=%3d, ans%b \012", $time, &A<v0099A160, v0099A0B0_0 >;
    %vpi_call 2 59 "$finish";
T_2.0 ;
    %jmp T_2;
    .thread T_2;
# The file index is used to find the file name in the following table.
:file_names 3;
    "N/A";
    "<interactive>";
    "RegisterFile.v";
