#! /c/iverilog/bin/vvp
:ivl_version "0.9.7 " "(v0_9_7)";
:vpi_time_precision + 0;
:vpi_module "system";
:vpi_module "v2005_math";
:vpi_module "va_math";
S_01237AB0 .scope module, "Instruction_Memory" "Instruction_Memory" 2 1;
 .timescale 0 0;
v01232AD8 .array "Imemory", 1023 0, 31 0;
v01232B30_0 .net "clk", 0 0, C4<z>; 0 drivers
v01232B88_0 .var "inp_instn", 31 0;
v01238AA0_0 .var "nextpc", 31 0;
v01238AF8_0 .net "pc", 31 0, C4<zzzzzzzzzzzzzzzzzzzzzzzzzzzzzzzz>; 0 drivers
v01238B50_0 .var "pc_to_branch", 31 0;
v01238BA8_0 .net "reset", 0 0, C4<z>; 0 drivers
v01238C00_0 .net "stall_flag", 0 0, C4<z>; 0 drivers
E_010F1A10 .event edge, v01238AF8_0;
E_01234220 .event edge, v01238C00_0, v01238AF8_0;
E_012341A0 .event posedge, v01238BA8_0;
    .scope S_01237AB0;
T_0 ;
    %vpi_call 2 15 "$readmemb", "Icode.txt", v01232AD8;
    %end;
    .thread T_0;
    .scope S_01237AB0;
T_1 ;
    %wait E_012341A0;
    %ix/load 3, 0, 0;
    %mov 4, 0, 1;
    %load/av 8, v01232AD8, 32;
    %ix/load 0, 32, 0;
    %assign/v0 v01232B88_0, 0, 8;
    %movi 8, 4, 32;
    %ix/load 0, 32, 0;
    %assign/v0 v01238AA0_0, 0, 8;
    %ix/load 0, 32, 0;
    %assign/v0 v01238B50_0, 0, 0;
    %delay 1, 0;
    %vpi_call 2 25 "$display", "time=%3d, inp_instn=%b, nextpc=%b, pc_to _branch=%b \012", $time, v01232B88_0, v01238AA0_0, v01238B50_0;
    %jmp T_1;
    .thread T_1;
    .scope S_01237AB0;
T_2 ;
    %wait E_01234220;
    %load/v 8, v01238C00_0, 1;
    %mov 9, 0, 1;
    %cmpi/u 8, 0, 2;
    %jmp/0xz  T_2.0, 4;
    %delay 20, 0;
    %vpi_call 2 34 "$display", "time=%3d, inp_instn=%b, nextpc=%b, pc_to _branch=%b \012", $time, v01232B88_0, v01238AA0_0, v01238B50_0;
    %load/v 40, v01238AF8_0, 32;
    %movi 72, 4, 32;
    %div 40, 72, 32;
    %ix/get 3, 40, 32;
    %load/av 8, v01232AD8, 32;
    %set/v v01232B88_0, 8, 32;
    %load/v 8, v01238AF8_0, 32;
    %set/v v01238B50_0, 8, 32;
    %ix/load 0, 4, 0;
    %load/vp0 8, v01238AF8_0, 32;
    %ix/load 0, 32, 0;
    %assign/v0 v01238AA0_0, 0, 8;
T_2.0 ;
    %jmp T_2;
    .thread T_2, $push;
    .scope S_01237AB0;
T_3 ;
    %wait E_010F1A10;
    %load/v 8, v01238AA0_0, 32;
    %cmpi/u 8, 100, 32;
    %jmp/0xz  T_3.0, 4;
    %vpi_call 2 44 "$finish";
T_3.0 ;
    %jmp T_3;
    .thread T_3, $push;
# The file index is used to find the file name in the following table.
:file_names 3;
    "N/A";
    "<interactive>";
    "Instruction_Memory.v";
