#! /c/iverilog/bin/vvp
:ivl_version "0.9.7 " "(v0_9_7)";
:vpi_time_precision + 0;
:vpi_module "system";
:vpi_module "v2005_math";
:vpi_module "va_math";
S_010B35A8 .scope module, "DataMemory" "DataMemory" 2 1;
 .timescale 0 0;
v010B3F78_0 .net "Mem_address", 31 0, C4<zzzzzzzzzzzzzzzzzzzzzzzzzzzzzzzz>; 0 drivers
v011D2AD8_0 .net "Mem_read", 0 0, C4<z>; 0 drivers
v011D2B30_0 .net "Mem_write", 0 0, C4<z>; 0 drivers
v011D2B88_0 .var "Read_Data", 31 0;
v011DEC38_0 .net "Write_data", 31 0, C4<zzzzzzzzzzzzzzzzzzzzzzzzzzzzzzzz>; 0 drivers
v011DEC90_0 .net "clk", 0 0, C4<z>; 0 drivers
v011DECE8 .array "memory", 9 0, 31 0;
v011DED40_0 .net "reset", 0 0, C4<z>; 0 drivers
E_011D78E0 .event negedge, v011DEC90_0;
E_011D7A60 .event edge, v011D2AD8_0;
E_011D7C00 .event posedge, v011DED40_0;
    .scope S_010B35A8;
T_0 ;
    %wait E_011D7C00;
    %movi 8, 4, 32;
    %ix/load 3, 0, 0; address
    %ix/load 0, 32, 0; word width
    %ix/load 1, 0, 0; part off
    %assign/av v011DECE8, 0, 8;
t_0 ;
    %movi 8, 2, 32;
    %ix/load 3, 1, 0; address
    %ix/load 0, 32, 0; word width
    %ix/load 1, 0, 0; part off
    %assign/av v011DECE8, 0, 8;
t_1 ;
    %movi 8, 3, 32;
    %ix/load 3, 2, 0; address
    %ix/load 0, 32, 0; word width
    %ix/load 1, 0, 0; part off
    %assign/av v011DECE8, 0, 8;
t_2 ;
    %movi 8, 5, 32;
    %ix/load 3, 3, 0; address
    %ix/load 0, 32, 0; word width
    %ix/load 1, 0, 0; part off
    %assign/av v011DECE8, 0, 8;
t_3 ;
    %movi 8, 7, 32;
    %ix/load 3, 4, 0; address
    %ix/load 0, 32, 0; word width
    %ix/load 1, 0, 0; part off
    %assign/av v011DECE8, 0, 8;
t_4 ;
    %movi 8, 8, 32;
    %ix/load 3, 5, 0; address
    %ix/load 0, 32, 0; word width
    %ix/load 1, 0, 0; part off
    %assign/av v011DECE8, 0, 8;
t_5 ;
    %movi 8, 9, 32;
    %ix/load 3, 6, 0; address
    %ix/load 0, 32, 0; word width
    %ix/load 1, 0, 0; part off
    %assign/av v011DECE8, 0, 8;
t_6 ;
    %ix/load 3, 7, 0; address
    %ix/load 0, 32, 0; word width
    %ix/load 1, 0, 0; part off
    %assign/av v011DECE8, 0, 0;
t_7 ;
    %movi 8, 1, 32;
    %ix/load 3, 8, 0; address
    %ix/load 0, 32, 0; word width
    %ix/load 1, 0, 0; part off
    %assign/av v011DECE8, 0, 8;
t_8 ;
    %movi 8, 4, 32;
    %ix/load 3, 9, 0; address
    %ix/load 0, 32, 0; word width
    %ix/load 1, 0, 0; part off
    %assign/av v011DECE8, 0, 8;
t_9 ;
    %jmp T_0;
    .thread T_0;
    .scope S_010B35A8;
T_1 ;
    %wait E_011D7A60;
    %delay 4, 0;
    %load/v 8, v011D2AD8_0, 1;
    %mov 9, 0, 2;
    %cmpi/u 8, 1, 3;
    %jmp/0xz  T_1.0, 4;
    %ix/getv 3, v010B3F78_0;
    %load/av 8, v011DECE8, 32;
    %ix/load 0, 32, 0;
    %assign/v0 v011D2B88_0, 0, 8;
T_1.0 ;
    %jmp T_1;
    .thread T_1, $push;
    .scope S_010B35A8;
T_2 ;
    %wait E_011D78E0;
    %delay 4, 0;
    %load/v 8, v011D2B30_0, 1;
    %mov 9, 0, 2;
    %cmpi/u 8, 1, 3;
    %jmp/0xz  T_2.0, 4;
    %load/v 8, v011DEC38_0, 32;
    %ix/getv 3, v010B3F78_0;
    %jmp/1 t_10, 4;
    %ix/load 0, 32, 0; word width
    %ix/load 1, 0, 0; part off
    %assign/av v011DECE8, 0, 8;
t_10 ;
T_2.0 ;
    %jmp T_2;
    .thread T_2;
# The file index is used to find the file name in the following table.
:file_names 3;
    "N/A";
    "<interactive>";
    "data_memory.v";
