#! /c/iverilog/bin/vvp
:ivl_version "0.9.7 " "(v0_9_7)";
:vpi_time_precision + 0;
:vpi_module "system";
:vpi_module "v2005_math";
:vpi_module "va_math";
S_01222AD8 .scope module, "ControlUnit" "ControlUnit" 2 1;
 .timescale 0 0;
P_0122324C .param/l "ADDI" 2 12, C4<000100>;
P_01223260 .param/l "BEQ" 2 11, C4<000011>;
P_01223274 .param/l "LW" 2 9, C4<000001>;
P_01223288 .param/l "RType" 2 8, C4<000000>;
P_0122329C .param/l "SW" 2 10, C4<000010>;
v01224EA0_0 .var "alu_op", 1 0;
v01222B60_0 .var "alu_src", 0 0;
v01222BB8_0 .var "branch", 0 0;
v0122A418_0 .var "mem_read", 0 0;
v0122A470_0 .var "mem_to_reg", 0 0;
v0122A4C8_0 .var "mem_write", 0 0;
v0122A520_0 .net "opcode", 5 0, C4<zzzzzz>; 0 drivers
v0122A578_0 .var "reg_dst", 0 0;
v0122A5D0_0 .var "reg_write", 0 0;
v0122A628_0 .net "reset", 0 0, C4<z>; 0 drivers
E_0122E278 .event edge, v0122A520_0;
E_0122E1F8 .event posedge, v0122A628_0;
    .scope S_01222AD8;
T_0 ;
    %wait E_0122E1F8;
    %ix/load 0, 1, 0;
    %assign/v0 v0122A578_0, 0, 0;
    %ix/load 0, 1, 0;
    %assign/v0 v01222BB8_0, 0, 0;
    %ix/load 0, 1, 0;
    %assign/v0 v0122A418_0, 0, 0;
    %ix/load 0, 1, 0;
    %assign/v0 v0122A470_0, 0, 0;
    %ix/load 0, 2, 0;
    %assign/v0 v01224EA0_0, 0, 0;
    %ix/load 0, 1, 0;
    %assign/v0 v0122A4C8_0, 0, 0;
    %ix/load 0, 1, 0;
    %assign/v0 v01222B60_0, 0, 0;
    %ix/load 0, 1, 0;
    %assign/v0 v0122A5D0_0, 0, 0;
    %jmp T_0;
    .thread T_0;
    .scope S_01222AD8;
T_1 ;
    %wait E_0122E278;
    %load/v 8, v0122A520_0, 6;
    %cmpi/u 8, 0, 6;
    %jmp/1 T_1.0, 6;
    %cmpi/u 8, 1, 6;
    %jmp/1 T_1.1, 6;
    %cmpi/u 8, 2, 6;
    %jmp/1 T_1.2, 6;
    %cmpi/u 8, 3, 6;
    %jmp/1 T_1.3, 6;
    %cmpi/u 8, 4, 6;
    %jmp/1 T_1.4, 6;
    %jmp T_1.5;
T_1.0 ;
    %ix/load 0, 1, 0;
    %assign/v0 v0122A578_0, 0, 1;
    %ix/load 0, 1, 0;
    %assign/v0 v01222BB8_0, 0, 0;
    %ix/load 0, 1, 0;
    %assign/v0 v0122A418_0, 0, 0;
    %ix/load 0, 1, 0;
    %assign/v0 v0122A470_0, 0, 0;
    %ix/load 0, 1, 0;
    %assign/v0 v0122A4C8_0, 0, 0;
    %ix/load 0, 1, 0;
    %assign/v0 v01222B60_0, 0, 0;
    %ix/load 0, 1, 0;
    %assign/v0 v0122A5D0_0, 0, 1;
    %movi 8, 2, 2;
    %ix/load 0, 2, 0;
    %assign/v0 v01224EA0_0, 0, 8;
    %jmp T_1.5;
T_1.1 ;
    %ix/load 0, 1, 0;
    %assign/v0 v0122A578_0, 0, 0;
    %ix/load 0, 1, 0;
    %assign/v0 v01222BB8_0, 0, 0;
    %ix/load 0, 1, 0;
    %assign/v0 v0122A418_0, 0, 1;
    %ix/load 0, 1, 0;
    %assign/v0 v0122A470_0, 0, 1;
    %ix/load 0, 1, 0;
    %assign/v0 v0122A4C8_0, 0, 0;
    %ix/load 0, 1, 0;
    %assign/v0 v01222B60_0, 0, 1;
    %ix/load 0, 1, 0;
    %assign/v0 v0122A5D0_0, 0, 1;
    %ix/load 0, 2, 0;
    %assign/v0 v01224EA0_0, 0, 0;
    %jmp T_1.5;
T_1.2 ;
    %ix/load 0, 1, 0;
    %assign/v0 v01222BB8_0, 0, 0;
    %ix/load 0, 1, 0;
    %assign/v0 v0122A418_0, 0, 0;
    %ix/load 0, 1, 0;
    %assign/v0 v0122A470_0, 0, 0;
    %ix/load 0, 1, 0;
    %assign/v0 v0122A4C8_0, 0, 1;
    %ix/load 0, 1, 0;
    %assign/v0 v01222B60_0, 0, 1;
    %ix/load 0, 1, 0;
    %assign/v0 v0122A5D0_0, 0, 0;
    %ix/load 0, 2, 0;
    %assign/v0 v01224EA0_0, 0, 0;
    %jmp T_1.5;
T_1.3 ;
    %ix/load 0, 1, 0;
    %assign/v0 v01222BB8_0, 0, 1;
    %ix/load 0, 1, 0;
    %assign/v0 v0122A418_0, 0, 0;
    %ix/load 0, 1, 0;
    %assign/v0 v0122A470_0, 0, 0;
    %ix/load 0, 1, 0;
    %assign/v0 v0122A4C8_0, 0, 0;
    %ix/load 0, 1, 0;
    %assign/v0 v01222B60_0, 0, 0;
    %ix/load 0, 1, 0;
    %assign/v0 v0122A5D0_0, 0, 0;
    %movi 8, 1, 2;
    %ix/load 0, 2, 0;
    %assign/v0 v01224EA0_0, 0, 8;
    %jmp T_1.5;
T_1.4 ;
    %ix/load 0, 1, 0;
    %assign/v0 v0122A578_0, 0, 0;
    %ix/load 0, 1, 0;
    %assign/v0 v01222BB8_0, 0, 0;
    %ix/load 0, 1, 0;
    %assign/v0 v0122A418_0, 0, 0;
    %ix/load 0, 1, 0;
    %assign/v0 v0122A470_0, 0, 0;
    %ix/load 0, 1, 0;
    %assign/v0 v0122A4C8_0, 0, 0;
    %ix/load 0, 1, 0;
    %assign/v0 v01222B60_0, 0, 1;
    %ix/load 0, 1, 0;
    %assign/v0 v0122A5D0_0, 0, 1;
    %ix/load 0, 2, 0;
    %assign/v0 v01224EA0_0, 0, 0;
    %jmp T_1.5;
T_1.5 ;
    %jmp T_1;
    .thread T_1, $push;
# The file index is used to find the file name in the following table.
:file_names 3;
    "N/A";
    "<interactive>";
    "controlunit.v";
